root - ERROR - GetOverlappedResult failed (PermissionError(13, '擇橈溼恀﹝', None, 5))
Traceback (most recent call last):
  File "e:\Projects\PIO\Deng FOC M1\SimpleFOCStudio-zh-master\src\simpleFOCConnector.py", line 1297, in run
    reading = self.serialComm.readline()
  File "D:\python\Lib\site-packages\serial\serialwin32.py", line 295, in read
    raise SerialException("GetOverlappedResult failed ({!r})".format(ctypes.WinError()))
serial.serialutil.SerialException: GetOverlappedResult failed (PermissionError(13, '擇橈溼恀﹝', None, 5))
root - WARNING - Serial write failed for command MMG7
Traceback (most recent call last):
  File "e:\Projects\PIO\Deng FOC M1\SimpleFOCStudio-zh-master\src\simpleFOCConnector.py", line 599, in sendCommand
    self.serialPort.write((str(command) + '\n').encode('utf-8'))
    ~~~~~~~~~~~~~~~~~~~~~^^^^^^^^^^^^^^^^^^^^^^^^^^^^^^^^^^^^^^^
  File "D:\python\Lib\site-packages\serial\serialwin32.py", line 317, in write
    raise SerialException("WriteFile failed ({!r})".format(ctypes.WinError()))
serial.serialutil.SerialException: WriteFile failed (PermissionError(13, '擇橈溼恀﹝', None, 5))
root - WARNING - Serial write failed for command MMG7
Traceback (most recent call last):
  File "e:\Projects\PIO\Deng FOC M1\SimpleFOCStudio-zh-master\src\simpleFOCConnector.py", line 599, in sendCommand
    self.serialPort.write((str(command) + '\n').encode('utf-8'))
    ~~~~~~~~~~~~~~~~~~~~~^^^^^^^^^^^^^^^^^^^^^^^^^^^^^^^^^^^^^^^
  File "D:\python\Lib\site-packages\serial\serialwin32.py", line 317, in write
    raise SerialException("WriteFile failed ({!r})".format(ctypes.WinError()))
serial.serialutil.SerialException: WriteFile failed (PermissionError(13, '擇橈溼恀﹝', None, 5))
root - WARNING - Serial write failed for command MMG7
Traceback (most recent call last):
  File "e:\Projects\PIO\Deng FOC M1\SimpleFOCStudio-zh-master\src\simpleFOCConnector.py", line 599, in sendCommand
    self.serialPort.write((str(command) + '\n').encode('utf-8'))
    ~~~~~~~~~~~~~~~~~~~~~^^^^^^^^^^^^^^^^^^^^^^^^^^^^^^^^^^^^^^^
  File "D:\python\Lib\site-packages\serial\serialwin32.py", line 317, in write
    raise SerialException("WriteFile failed ({!r})".format(ctypes.WinError()))
serial.serialutil.SerialException: WriteFile failed (PermissionError(13, '擇橈溼恀﹝', None, 5))
root - WARNING - Serial write failed for command MMG7
Traceback (most recent call last):
  File "e:\Projects\PIO\Deng FOC M1\SimpleFOCStudio-zh-master\src\simpleFOCConnector.py", line 599, in sendCommand
    self.serialPort.write((str(command) + '\n').encode('utf-8'))
    ~~~~~~~~~~~~~~~~~~~~~^^^^^^^^^^^^^^^^^^^^^^^^^^^^^^^^^^^^^^^
  File "D:\python\Lib\site-packages\serial\serialwin32.py", line 317, in write
    raise SerialException("WriteFile failed ({!r})".format(ctypes.WinError()))
serial.serialutil.SerialException: WriteFile failed (PermissionError(13, '擇橈溼恀﹝', None, 5))
root - WARNING - Serial write failed for command MMG7
Traceback (most recent call last):
  File "e:\Projects\PIO\Deng FOC M1\SimpleFOCStudio-zh-master\src\simpleFOCConnector.py", line 599, in sendCommand
    self.serialPort.write((str(command) + '\n').encode('utf-8'))
    ~~~~~~~~~~~~~~~~~~~~~^^^^^^^^^^^^^^^^^^^^^^^^^^^^^^^^^^^^^^^
  File "D:\python\Lib\site-packages\serial\serialwin32.py", line 317, in write
    raise SerialException("WriteFile failed ({!r})".format(ctypes.WinError()))
serial.serialutil.SerialException: WriteFile failed (PermissionError(13, '擇橈溼恀﹝', None, 5))
root - WARNING - Serial write failed for command MMG7
Traceback (most recent call last):
  File "e:\Projects\PIO\Deng FOC M1\SimpleFOCStudio-zh-master\src\simpleFOCConnector.py", line 599, in sendCommand
    self.serialPort.write((str(command) + '\n').encode('utf-8'))
    ~~~~~~~~~~~~~~~~~~~~~^^^^^^^^^^^^^^^^^^^^^^^^^^^^^^^^^^^^^^^
  File "D:\python\Lib\site-packages\serial\serialwin32.py", line 317, in write
    raise SerialException("WriteFile failed ({!r})".format(ctypes.WinError()))
serial.serialutil.SerialException: WriteFile failed (PermissionError(13, '擇橈溼恀﹝', None, 5))
root - WARNING - Serial write failed for command MMG7
Traceback (most recent call last):
  File "e:\Projects\PIO\Deng FOC M1\SimpleFOCStudio-zh-master\src\simpleFOCConnector.py", line 599, in sendCommand
    self.serialPort.write((str(command) + '\n').encode('utf-8'))
    ~~~~~~~~~~~~~~~~~~~~~^^^^^^^^^^^^^^^^^^^^^^^^^^^^^^^^^^^^^^^
  File "D:\python\Lib\site-packages\serial\serialwin32.py", line 317, in write
    raise SerialException("WriteFile failed ({!r})".format(ctypes.WinError()))
serial.serialutil.SerialException: WriteFile failed (PermissionError(13, '擇橈溼恀﹝', None, 5))
root - WARNING - Serial write failed for command MMG7
Traceback (most recent call last):
  File "e:\Projects\PIO\Deng FOC M1\SimpleFOCStudio-zh-master\src\simpleFOCConnector.py", line 599, in sendCommand
    self.serialPort.write((str(command) + '\n').encode('utf-8'))
    ~~~~~~~~~~~~~~~~~~~~~^^^^^^^^^^^^^^^^^^^^^^^^^^^^^^^^^^^^^^^
  File "D:\python\Lib\site-packages\serial\serialwin32.py", line 317, in write
    raise SerialException("WriteFile failed ({!r})".format(ctypes.WinError()))
serial.serialutil.SerialException: WriteFile failed (PermissionError(13, '擇橈溼恀﹝', None, 5))
root - WARNING - Serial write failed for command MMG7
Traceback (most recent call last):
  File "e:\Projects\PIO\Deng FOC M1\SimpleFOCStudio-zh-master\src\simpleFOCConnector.py", line 599, in sendCommand
    self.serialPort.write((str(command) + '\n').encode('utf-8'))
    ~~~~~~~~~~~~~~~~~~~~~^^^^^^^^^^^^^^^^^^^^^^^^^^^^^^^^^^^^^^^
  File "D:\python\Lib\site-packages\serial\serialwin32.py", line 317, in write
    raise SerialException("WriteFile failed ({!r})".format(ctypes.WinError()))
serial.serialutil.SerialException: WriteFile failed (PermissionError(13, '擇橈溼恀﹝', None, 5))
root - WARNING - Serial write failed for command MMG7
Traceback (most recent call last):
  File "e:\Projects\PIO\Deng FOC M1\SimpleFOCStudio-zh-master\src\simpleFOCConnector.py", line 599, in sendCommand
    self.serialPort.write((str(command) + '\n').encode('utf-8'))
    ~~~~~~~~~~~~~~~~~~~~~^^^^^^^^^^^^^^^^^^^^^^^^^^^^^^^^^^^^^^^
  File "D:\python\Lib\site-packages\serial\serialwin32.py", line 317, in write
    raise SerialException("WriteFile failed ({!r})".format(ctypes.WinError()))
serial.serialutil.SerialException: WriteFile failed (PermissionError(13, '擇橈溼恀﹝', None, 5))
root - WARNING - Serial write failed for command MMG7
Traceback (most recent call last):
  File "e:\Projects\PIO\Deng FOC M1\SimpleFOCStudio-zh-master\src\simpleFOCConnector.py", line 599, in sendCommand
    self.serialPort.write((str(command) + '\n').encode('utf-8'))
    ~~~~~~~~~~~~~~~~~~~~~^^^^^^^^^^^^^^^^^^^^^^^^^^^^^^^^^^^^^^^
  File "D:\python\Lib\site-packages\serial\serialwin32.py", line 317, in write
    raise SerialException("WriteFile failed ({!r})".format(ctypes.WinError()))
serial.serialutil.SerialException: WriteFile failed (PermissionError(13, '擇橈溼恀﹝', None, 5))
root - WARNING - Serial write failed for command MMG7
Traceback (most recent call last):
  File "e:\Projects\PIO\Deng FOC M1\SimpleFOCStudio-zh-master\src\simpleFOCConnector.py", line 599, in sendCommand
    self.serialPort.write((str(command) + '\n').encode('utf-8'))
    ~~~~~~~~~~~~~~~~~~~~~^^^^^^^^^^^^^^^^^^^^^^^^^^^^^^^^^^^^^^^
  File "D:\python\Lib\site-packages\serial\serialwin32.py", line 317, in write
    raise SerialException("WriteFile failed ({!r})".format(ctypes.WinError()))
serial.serialutil.SerialException: WriteFile failed (PermissionError(13, '擇橈溼恀﹝', None, 5))
root - WARNING - Serial write failed for command MMG7
Traceback (most recent call last):
  File "e:\Projects\PIO\Deng FOC M1\SimpleFOCStudio-zh-master\src\simpleFOCConnector.py", line 599, in sendCommand
    self.serialPort.write((str(command) + '\n').encode('utf-8'))
    ~~~~~~~~~~~~~~~~~~~~~^^^^^^^^^^^^^^^^^^^^^^^^^^^^^^^^^^^^^^^
  File "D:\python\Lib\site-packages\serial\serialwin32.py", line 317, in write
    raise SerialException("WriteFile failed ({!r})".format(ctypes.WinError()))
serial.serialutil.SerialException: WriteFile failed (PermissionError(13, '擇橈溼恀﹝', None, 5))
root - WARNING - Serial write failed for command MMG7
Traceback (most recent call last):
  File "e:\Projects\PIO\Deng FOC M1\SimpleFOCStudio-zh-master\src\simpleFOCConnector.py", line 599, in sendCommand
    self.serialPort.write((str(command) + '\n').encode('utf-8'))
    ~~~~~~~~~~~~~~~~~~~~~^^^^^^^^^^^^^^^^^^^^^^^^^^^^^^^^^^^^^^^
  File "D:\python\Lib\site-packages\serial\serialwin32.py", line 317, in write
    raise SerialException("WriteFile failed ({!r})".format(ctypes.WinError()))
serial.serialutil.SerialException: WriteFile failed (PermissionError(13, '擇橈溼恀﹝', None, 5))
root - WARNING - Serial write failed for command MMG7
Traceback (most recent call last):
  File "e:\Projects\PIO\Deng FOC M1\SimpleFOCStudio-zh-master\src\simpleFOCConnector.py", line 599, in sendCommand
    self.serialPort.write((str(command) + '\n').encode('utf-8'))
    ~~~~~~~~~~~~~~~~~~~~~^^^^^^^^^^^^^^^^^^^^^^^^^^^^^^^^^^^^^^^
  File "D:\python\Lib\site-packages\serial\serialwin32.py", line 317, in write
    raise SerialException("WriteFile failed ({!r})".format(ctypes.WinError()))
serial.serialutil.SerialException: WriteFile failed (PermissionError(13, '擇橈溼恀﹝', None, 5))
root - WARNING - Serial write failed for command MMG7
Traceback (most recent call last):
  File "e:\Projects\PIO\Deng FOC M1\SimpleFOCStudio-zh-master\src\simpleFOCConnector.py", line 599, in sendCommand
    self.serialPort.write((str(command) + '\n').encode('utf-8'))
    ~~~~~~~~~~~~~~~~~~~~~^^^^^^^^^^^^^^^^^^^^^^^^^^^^^^^^^^^^^^^
  File "D:\python\Lib\site-packages\serial\serialwin32.py", line 317, in write
    raise SerialException("WriteFile failed ({!r})".format(ctypes.WinError()))
serial.serialutil.SerialException: WriteFile failed (PermissionError(13, '擇橈溼恀﹝', None, 5))
root - WARNING - Serial write failed for command MMG7
Traceback (most recent call last):
  File "e:\Projects\PIO\Deng FOC M1\SimpleFOCStudio-zh-master\src\simpleFOCConnector.py", line 599, in sendCommand
    self.serialPort.write((str(command) + '\n').encode('utf-8'))
    ~~~~~~~~~~~~~~~~~~~~~^^^^^^^^^^^^^^^^^^^^^^^^^^^^^^^^^^^^^^^
  File "D:\python\Lib\site-packages\serial\serialwin32.py", line 317, in write
    raise SerialException("WriteFile failed ({!r})".format(ctypes.WinError()))
serial.serialutil.SerialException: WriteFile failed (PermissionError(13, '擇橈溼恀﹝', None, 5))
root - WARNING - Serial write failed for command MMG7
Traceback (most recent call last):
  File "e:\Projects\PIO\Deng FOC M1\SimpleFOCStudio-zh-master\src\simpleFOCConnector.py", line 599, in sendCommand
    self.serialPort.write((str(command) + '\n').encode('utf-8'))
    ~~~~~~~~~~~~~~~~~~~~~^^^^^^^^^^^^^^^^^^^^^^^^^^^^^^^^^^^^^^^
  File "D:\python\Lib\site-packages\serial\serialwin32.py", line 317, in write
    raise SerialException("WriteFile failed ({!r})".format(ctypes.WinError()))
serial.serialutil.SerialException: WriteFile failed (PermissionError(13, '擇橈溼恀﹝', None, 5))
root - WARNING - Serial write failed for command MMG7
Traceback (most recent call last):
  File "e:\Projects\PIO\Deng FOC M1\SimpleFOCStudio-zh-master\src\simpleFOCConnector.py", line 599, in sendCommand
    self.serialPort.write((str(command) + '\n').encode('utf-8'))
    ~~~~~~~~~~~~~~~~~~~~~^^^^^^^^^^^^^^^^^^^^^^^^^^^^^^^^^^^^^^^
  File "D:\python\Lib\site-packages\serial\serialwin32.py", line 317, in write
    raise SerialException("WriteFile failed ({!r})".format(ctypes.WinError()))
serial.serialutil.SerialException: WriteFile failed (PermissionError(13, '擇橈溼恀﹝', None, 5))
root - WARNING - Serial write failed for command MMG7
Traceback (most recent call last):
  File "e:\Projects\PIO\Deng FOC M1\SimpleFOCStudio-zh-master\src\simpleFOCConnector.py", line 599, in sendCommand
    self.serialPort.write((str(command) + '\n').encode('utf-8'))
    ~~~~~~~~~~~~~~~~~~~~~^^^^^^^^^^^^^^^^^^^^^^^^^^^^^^^^^^^^^^^
  File "D:\python\Lib\site-packages\serial\serialwin32.py", line 317, in write
    raise SerialException("WriteFile failed ({!r})".format(ctypes.WinError()))
serial.serialutil.SerialException: WriteFile failed (PermissionError(13, '擇橈溼恀﹝', None, 5))
root - WARNING - Serial write failed for command MMG7
Traceback (most recent call last):
  File "e:\Projects\PIO\Deng FOC M1\SimpleFOCStudio-zh-master\src\simpleFOCConnector.py", line 599, in sendCommand
    self.serialPort.write((str(command) + '\n').encode('utf-8'))
    ~~~~~~~~~~~~~~~~~~~~~^^^^^^^^^^^^^^^^^^^^^^^^^^^^^^^^^^^^^^^
  File "D:\python\Lib\site-packages\serial\serialwin32.py", line 317, in write
    raise SerialException("WriteFile failed ({!r})".format(ctypes.WinError()))
serial.serialutil.SerialException: WriteFile failed (PermissionError(13, '擇橈溼恀﹝', None, 5))
root - WARNING - Serial write failed for command MMG7
Traceback (most recent call last):
  File "e:\Projects\PIO\Deng FOC M1\SimpleFOCStudio-zh-master\src\simpleFOCConnector.py", line 599, in sendCommand
    self.serialPort.write((str(command) + '\n').encode('utf-8'))
    ~~~~~~~~~~~~~~~~~~~~~^^^^^^^^^^^^^^^^^^^^^^^^^^^^^^^^^^^^^^^
  File "D:\python\Lib\site-packages\serial\serialwin32.py", line 317, in write
    raise SerialException("WriteFile failed ({!r})".format(ctypes.WinError()))
serial.serialutil.SerialException: WriteFile failed (PermissionError(13, '擇橈溼恀﹝', None, 5))
root - WARNING - Serial write failed for command MMG7
Traceback (most recent call last):
  File "e:\Projects\PIO\Deng FOC M1\SimpleFOCStudio-zh-master\src\simpleFOCConnector.py", line 599, in sendCommand
    self.serialPort.write((str(command) + '\n').encode('utf-8'))
    ~~~~~~~~~~~~~~~~~~~~~^^^^^^^^^^^^^^^^^^^^^^^^^^^^^^^^^^^^^^^
  File "D:\python\Lib\site-packages\serial\serialwin32.py", line 317, in write
    raise SerialException("WriteFile failed ({!r})".format(ctypes.WinError()))
serial.serialutil.SerialException: WriteFile failed (PermissionError(13, '擇橈溼恀﹝', None, 5))
root - WARNING - Serial write failed for command MMG7
Traceback (most recent call last):
  File "e:\Projects\PIO\Deng FOC M1\SimpleFOCStudio-zh-master\src\simpleFOCConnector.py", line 599, in sendCommand
    self.serialPort.write((str(command) + '\n').encode('utf-8'))
    ~~~~~~~~~~~~~~~~~~~~~^^^^^^^^^^^^^^^^^^^^^^^^^^^^^^^^^^^^^^^
  File "D:\python\Lib\site-packages\serial\serialwin32.py", line 317, in write
    raise SerialException("WriteFile failed ({!r})".format(ctypes.WinError()))
serial.serialutil.SerialException: WriteFile failed (PermissionError(13, '擇橈溼恀﹝', None, 5))
root - WARNING - Serial write failed for command MMG7
Traceback (most recent call last):
  File "e:\Projects\PIO\Deng FOC M1\SimpleFOCStudio-zh-master\src\simpleFOCConnector.py", line 599, in sendCommand
    self.serialPort.write((str(command) + '\n').encode('utf-8'))
    ~~~~~~~~~~~~~~~~~~~~~^^^^^^^^^^^^^^^^^^^^^^^^^^^^^^^^^^^^^^^
  File "D:\python\Lib\site-packages\serial\serialwin32.py", line 317, in write
    raise SerialException("WriteFile failed ({!r})".format(ctypes.WinError()))
serial.serialutil.SerialException: WriteFile failed (PermissionError(13, '擇橈溼恀﹝', None, 5))
